[rank: 0] Seed set to 23
/isilon/datalake/cialab/scratch/cialab/Hao/miniconda3/envs/vqVAE/lib/python3.11/site-packages/torchvision/models/_utils.py:208: UserWarning: The parameter 'pretrained' is deprecated since 0.13 and may be removed in the future, please use 'weights' instead.
  warnings.warn(
/isilon/datalake/cialab/scratch/cialab/Hao/miniconda3/envs/vqVAE/lib/python3.11/site-packages/torchvision/models/_utils.py:223: UserWarning: Arguments other than a weight enum or `None` for 'weights' are deprecated since 0.13 and may be removed in the future. The current behavior is equivalent to passing `weights=VGG16_Weights.IMAGENET1K_V1`. You can also use `weights=VGG16_Weights.DEFAULT` to get the most up-to-date weights.
  warnings.warn(msg)
Downloading: "https://download.pytorch.org/models/vgg16-397923af.pth" to /home/haolu/.cache/torch/hub/checkpoints/vgg16-397923af.pth
  0%|          | 0.00/528M [00:00<?, ?B/s]  0%|          | 1.62M/528M [00:00<00:32, 17.0MB/s]  4%|▎         | 18.5M/528M [00:00<00:04, 111MB/s]   7%|▋         | 36.1M/528M [00:00<00:03, 144MB/s] 10%|█         | 54.9M/528M [00:00<00:03, 165MB/s] 14%|█▍        | 73.2M/528M [00:00<00:02, 175MB/s] 17%|█▋        | 91.8M/528M [00:00<00:02, 181MB/s] 21%|██        | 110M/528M [00:00<00:02, 184MB/s]  24%|██▍       | 128M/528M [00:00<00:02, 187MB/s] 28%|██▊       | 147M/528M [00:00<00:02, 189MB/s] 31%|███▏      | 166M/528M [00:01<00:01, 190MB/s] 35%|███▍      | 184M/528M [00:01<00:01, 190MB/s] 38%|███▊      | 202M/528M [00:01<00:01, 189MB/s] 42%|████▏     | 221M/528M [00:01<00:01, 191MB/s] 45%|████▌     | 239M/528M [00:01<00:01, 190MB/s] 49%|████▉     | 258M/528M [00:01<00:01, 191MB/s] 52%|█████▏    | 276M/528M [00:01<00:01, 191MB/s] 56%|█████▌    | 294M/528M [00:01<00:01, 192MB/s] 59%|█████▉    | 313M/528M [00:01<00:01, 191MB/s] 63%|██████▎   | 331M/528M [00:01<00:01, 190MB/s] 66%|██████▋   | 350M/528M [00:02<00:00, 191MB/s] 70%|██████▉   | 368M/528M [00:02<00:00, 190MB/s] 73%|███████▎  | 387M/528M [00:02<00:00, 191MB/s] 77%|███████▋  | 405M/528M [00:02<00:00, 191MB/s] 80%|████████  | 424M/528M [00:02<00:00, 192MB/s] 84%|████████▍ | 442M/528M [00:02<00:00, 192MB/s] 87%|████████▋ | 460M/528M [00:02<00:00, 192MB/s] 91%|█████████ | 479M/528M [00:02<00:00, 192MB/s] 94%|█████████▍| 497M/528M [00:02<00:00, 192MB/s] 98%|█████████▊| 516M/528M [00:02<00:00, 192MB/s]100%|██████████| 528M/528M [00:02<00:00, 185MB/s]
  0%|          | 0.00/7.29k [00:00<?, ?B/s]8.19kB [00:00, 634kB/s]                    
/isilon/datalake/cialab/scratch/cialab/Hao/miniconda3/envs/vqVAE/lib/python3.11/site-packages/taming/modules/losses/lpips.py:29: FutureWarning: You are using `torch.load` with `weights_only=False` (the current default value), which uses the default pickle module implicitly. It is possible to construct malicious pickle data which will execute arbitrary code during unpickling (See https://github.com/pytorch/pytorch/blob/main/SECURITY.md#untrusted-models for more details). In a future release, the default value for `weights_only` will be flipped to `True`. This limits the functions that could be executed during unpickling. Arbitrary objects will no longer be allowed to be loaded via this mode unless they are explicitly allowlisted by the user via `torch.serialization.add_safe_globals`. We recommend you start setting `weights_only=True` for any use case where you don't have full control of the loaded file. Please open an issue on GitHub for any issues related to this experimental feature.
  self.load_state_dict(torch.load(ckpt, map_location=torch.device("cpu")), strict=False)
Traceback (most recent call last):
  File "/isilon/datalake/cialab/scratch/cialab/Hao/work_record/Project4_ear/codes/vq_imageNet/latent-diffusion/main.py", line 587, in <module>
    trainer_kwargs["logger"] = instantiate_from_config(logger_cfg)
                               ^^^^^^^^^^^^^^^^^^^^^^^^^^^^^^^^^^^
  File "/isilon/datalake/cialab/scratch/cialab/Hao/work_record/Project4_ear/codes/vq_imageNet/latent-diffusion/ldm/util.py", line 85, in instantiate_from_config
    return get_obj_from_str(config["target"])(**config.get("params", dict()))
           ^^^^^^^^^^^^^^^^^^^^^^^^^^^^^^^^^^
  File "/isilon/datalake/cialab/scratch/cialab/Hao/work_record/Project4_ear/codes/vq_imageNet/latent-diffusion/ldm/util.py", line 93, in get_obj_from_str
    return getattr(importlib.import_module(module, package=None), cls)
           ^^^^^^^^^^^^^^^^^^^^^^^^^^^^^^^^^^^^^^^^^^^^^^^^^^^^^^^^^^^
AttributeError: module 'pytorch_lightning.loggers' has no attribute 'TestTubeLogger'. Did you mean: 'NeptuneLogger'?

During handling of the above exception, another exception occurred:

Traceback (most recent call last):
  File "/isilon/datalake/cialab/scratch/cialab/Hao/work_record/Project4_ear/codes/vq_imageNet/latent-diffusion/main.py", line 768, in <module>
    if trainer.global_rank == 0:
       ^^^^^^^
NameError: name 'trainer' is not defined. Did you mean: 'Trainer'?
